{"C:\\Projects\\algorithms\\salesByMatch\\salesByMatch.js": {"path":"C:\\Projects\\algorithms\\salesByMatch\\salesByMatch.js","all":false,"statementMap":{"0":{"start":{"line":1,"column":0},"end":{"line":1,"column":30}},"1":{"start":{"line":2,"column":0},"end":{"line":2,"column":56}},"2":{"start":{"line":3,"column":0},"end":{"line":3,"column":61}},"3":{"start":{"line":4,"column":0},"end":{"line":4,"column":19}},"4":{"start":{"line":5,"column":0},"end":{"line":5,"column":39}},"5":{"start":{"line":6,"column":0},"end":{"line":6,"column":39}},"6":{"start":{"line":7,"column":0},"end":{"line":7,"column":9}},"7":{"start":{"line":8,"column":0},"end":{"line":8,"column":1}},"8":{"start":{"line":9,"column":0},"end":{"line":9,"column":66}},"9":{"start":{"line":10,"column":0},"end":{"line":10,"column":29}}},"s":{"0":3,"1":3,"2":28,"3":28,"4":3,"5":3,"6":3,"7":3,"8":1,"9":1},"branchMap":{"0":{"type":"branch","line":1,"loc":{"start":{"line":1,"column":0},"end":{"line":8,"column":1}},"locations":[{"start":{"line":1,"column":0},"end":{"line":8,"column":1}}]},"1":{"type":"branch","line":2,"loc":{"start":{"line":2,"column":36},"end":{"line":5,"column":7}},"locations":[{"start":{"line":2,"column":36},"end":{"line":5,"column":7}}]},"2":{"type":"branch","line":3,"loc":{"start":{"line":3,"column":24},"end":{"line":3,"column":60}},"locations":[{"start":{"line":3,"column":24},"end":{"line":3,"column":60}}]},"3":{"type":"branch","line":3,"loc":{"start":{"line":3,"column":24},"end":{"line":3,"column":61}},"locations":[{"start":{"line":3,"column":24},"end":{"line":3,"column":61}}]},"4":{"type":"branch","line":5,"loc":{"start":{"line":5,"column":19},"end":{"line":6,"column":19}},"locations":[{"start":{"line":5,"column":19},"end":{"line":6,"column":19}}]}},"b":{"0":[3],"1":[28],"2":[17],"3":[11],"4":[11]},"fnMap":{"0":{"name":"sockMerchant","decl":{"start":{"line":1,"column":0},"end":{"line":8,"column":1}},"loc":{"start":{"line":1,"column":0},"end":{"line":8,"column":1}},"line":1}},"f":{"0":3}}
}
