{"C:\\Projects\\algorithms\\billDivision\\billDivision.js": {"path":"C:\\Projects\\algorithms\\billDivision\\billDivision.js","all":false,"statementMap":{"0":{"start":{"line":1,"column":0},"end":{"line":1,"column":33}},"1":{"start":{"line":2,"column":0},"end":{"line":2,"column":55}},"2":{"start":{"line":3,"column":0},"end":{"line":3,"column":40}},"3":{"start":{"line":4,"column":0},"end":{"line":4,"column":19}},"4":{"start":{"line":5,"column":0},"end":{"line":5,"column":9}},"5":{"start":{"line":6,"column":0},"end":{"line":6,"column":56}},"6":{"start":{"line":7,"column":0},"end":{"line":7,"column":1}},"7":{"start":{"line":8,"column":0},"end":{"line":8,"column":45}},"8":{"start":{"line":9,"column":0},"end":{"line":9,"column":27}}},"s":{"0":3,"1":3,"2":12,"3":12,"4":3,"5":3,"6":3,"7":1,"8":1},"branchMap":{"0":{"type":"branch","line":1,"loc":{"start":{"line":1,"column":0},"end":{"line":7,"column":1}},"locations":[{"start":{"line":1,"column":0},"end":{"line":7,"column":1}}]},"1":{"type":"branch","line":6,"loc":{"start":{"line":6,"column":11},"end":{"line":6,"column":44}},"locations":[{"start":{"line":6,"column":11},"end":{"line":6,"column":44}}]},"2":{"type":"branch","line":6,"loc":{"start":{"line":6,"column":11},"end":{"line":6,"column":56}},"locations":[{"start":{"line":6,"column":11},"end":{"line":6,"column":56}}]},"3":{"type":"branch","line":2,"loc":{"start":{"line":2,"column":28},"end":{"line":5,"column":7}},"locations":[{"start":{"line":2,"column":28},"end":{"line":5,"column":7}}]},"4":{"type":"branch","line":3,"loc":{"start":{"line":3,"column":25},"end":{"line":3,"column":29}},"locations":[{"start":{"line":3,"column":25},"end":{"line":3,"column":29}}]}},"b":{"0":[3],"1":[1],"2":[2],"3":[12],"4":[9]},"fnMap":{"0":{"name":"bonAppetit","decl":{"start":{"line":1,"column":0},"end":{"line":7,"column":1}},"loc":{"start":{"line":1,"column":0},"end":{"line":7,"column":1}},"line":1}},"f":{"0":3}}
}
