{"C:\\Projects\\algorithms\\numbersLinesJumps\\numbersLinesJumps.js": {"path":"C:\\Projects\\algorithms\\numbersLinesJumps\\numbersLinesJumps.js","all":false,"statementMap":{"0":{"start":{"line":1,"column":0},"end":{"line":1,"column":44}},"1":{"start":{"line":2,"column":0},"end":{"line":2,"column":72}},"2":{"start":{"line":3,"column":0},"end":{"line":3,"column":52}},"3":{"start":{"line":4,"column":0},"end":{"line":4,"column":1}},"4":{"start":{"line":5,"column":0},"end":{"line":5,"column":53}},"5":{"start":{"line":6,"column":0},"end":{"line":6,"column":0}},"6":{"start":{"line":7,"column":0},"end":{"line":7,"column":34}}},"s":{"0":9,"1":9,"2":9,"3":9,"4":1,"5":1,"6":1},"branchMap":{},"b":{},"fnMap":{"0":{"name":"numbersLinesJumps","decl":{"start":{"line":1,"column":0},"end":{"line":4,"column":1}},"loc":{"start":{"line":1,"column":0},"end":{"line":4,"column":1}},"line":1}},"f":{"0":9}}
}
