<?xml version="1.0" encoding="UTF-8"?>
<coverage generated="1639138882490" clover="3.2.0">
  <project timestamp="1639138882490" name="All files">
    <metrics statements="18" coveredstatements="18" conditionals="5" coveredconditionals="5" methods="1" coveredmethods="1" elements="24" coveredelements="24" complexity="0" loc="18" ncloc="18" packages="1" files="1" classes="1"/>
    <file name="breakingTheRecords.js" path="C:\Projects\algorithms\breakingTheRecords\breakingTheRecords.js">
      <metrics statements="18" coveredstatements="18" conditionals="5" coveredconditionals="5" methods="1" coveredmethods="1"/>
      <line num="1" count="3" type="cond" truecount="1" falsecount="0"/>
      <line num="2" count="3" type="stmt"/>
      <line num="3" count="3" type="stmt"/>
      <line num="4" count="3" type="stmt"/>
      <line num="5" count="3" type="stmt"/>
      <line num="6" count="3" type="cond" truecount="1" falsecount="0"/>
      <line num="7" count="27" type="cond" truecount="1" falsecount="0"/>
      <line num="8" count="6" type="stmt"/>
      <line num="9" count="6" type="stmt"/>
      <line num="10" count="27" type="cond" truecount="2" falsecount="0"/>
      <line num="11" count="12" type="stmt"/>
      <line num="12" count="12" type="stmt"/>
      <line num="13" count="12" type="stmt"/>
      <line num="14" count="27" type="stmt"/>
      <line num="15" count="3" type="stmt"/>
      <line num="16" count="3" type="stmt"/>
      <line num="17" count="1" type="stmt"/>
      <line num="18" count="1" type="stmt"/>
    </file>
  </project>
</coverage>
