{"C:\\Projects\\algorithms\\divisibleSumPairs\\divisibleSumPairs.js": {"path":"C:\\Projects\\algorithms\\divisibleSumPairs\\divisibleSumPairs.js","all":false,"statementMap":{"0":{"start":{"line":1,"column":0},"end":{"line":1,"column":38}},"1":{"start":{"line":2,"column":0},"end":{"line":2,"column":52}},"2":{"start":{"line":3,"column":0},"end":{"line":3,"column":58}},"3":{"start":{"line":4,"column":0},"end":{"line":4,"column":54}},"4":{"start":{"line":5,"column":0},"end":{"line":5,"column":9}},"5":{"start":{"line":6,"column":0},"end":{"line":6,"column":19}},"6":{"start":{"line":7,"column":0},"end":{"line":7,"column":9}},"7":{"start":{"line":8,"column":0},"end":{"line":8,"column":1}},"8":{"start":{"line":9,"column":0},"end":{"line":9,"column":43}},"9":{"start":{"line":10,"column":0},"end":{"line":10,"column":0}},"10":{"start":{"line":11,"column":0},"end":{"line":11,"column":34}}},"s":{"0":2,"1":2,"2":12,"3":30,"4":30,"5":12,"6":2,"7":2,"8":1,"9":1,"10":1},"branchMap":{"0":{"type":"branch","line":1,"loc":{"start":{"line":1,"column":0},"end":{"line":8,"column":1}},"locations":[{"start":{"line":1,"column":0},"end":{"line":8,"column":1}}]},"1":{"type":"branch","line":2,"loc":{"start":{"line":2,"column":21},"end":{"line":7,"column":7}},"locations":[{"start":{"line":2,"column":21},"end":{"line":7,"column":7}}]},"2":{"type":"branch","line":3,"loc":{"start":{"line":3,"column":57},"end":{"line":5,"column":9}},"locations":[{"start":{"line":3,"column":57},"end":{"line":5,"column":9}}]},"3":{"type":"branch","line":4,"loc":{"start":{"line":4,"column":44},"end":{"line":4,"column":48}},"locations":[{"start":{"line":4,"column":44},"end":{"line":4,"column":48}}]}},"b":{"0":[2],"1":[12],"2":[30],"3":[10]},"fnMap":{"0":{"name":"divisibleSumPairs","decl":{"start":{"line":1,"column":0},"end":{"line":8,"column":1}},"loc":{"start":{"line":1,"column":0},"end":{"line":8,"column":1}},"line":1}},"f":{"0":2}}
}
