<?xml version="1.0" encoding="UTF-8"?>
<coverage generated="1639162131536" clover="3.2.0">
  <project timestamp="1639162131536" name="All files">
    <metrics statements="14" coveredstatements="14" conditionals="0" coveredconditionals="0" methods="1" coveredmethods="1" elements="15" coveredelements="15" complexity="0" loc="14" ncloc="14" packages="1" files="1" classes="1"/>
    <file name="subarrayDivision.js" path="C:\Projects\algorithms\subarrayDivision\subarrayDivision.js">
      <metrics statements="14" coveredstatements="14" conditionals="0" coveredconditionals="0" methods="1" coveredmethods="1"/>
      <line num="1" count="6" type="stmt"/>
      <line num="2" count="6" type="stmt"/>
      <line num="3" count="6" type="stmt"/>
      <line num="4" count="6" type="stmt"/>
      <line num="5" count="6" type="stmt"/>
      <line num="6" count="201" type="stmt"/>
      <line num="7" count="6" type="stmt"/>
      <line num="8" count="6" type="stmt"/>
      <line num="9" count="6" type="stmt"/>
      <line num="10" count="6" type="stmt"/>
      <line num="11" count="6" type="stmt"/>
      <line num="12" count="6" type="stmt"/>
      <line num="13" count="1" type="stmt"/>
      <line num="14" count="1" type="stmt"/>
    </file>
  </project>
</coverage>
