{"C:\\Projects\\algorithms\\subarrayDivision\\subarrayDivision.js": {"path":"C:\\Projects\\algorithms\\subarrayDivision\\subarrayDivision.js","all":false,"statementMap":{"0":{"start":{"line":1,"column":0},"end":{"line":1,"column":36}},"1":{"start":{"line":2,"column":0},"end":{"line":2,"column":53}},"2":{"start":{"line":3,"column":0},"end":{"line":3,"column":18}},"3":{"start":{"line":4,"column":0},"end":{"line":4,"column":51}},"4":{"start":{"line":5,"column":0},"end":{"line":5,"column":67}},"5":{"start":{"line":6,"column":0},"end":{"line":6,"column":33}},"6":{"start":{"line":7,"column":0},"end":{"line":7,"column":22}},"7":{"start":{"line":8,"column":0},"end":{"line":8,"column":21}},"8":{"start":{"line":9,"column":0},"end":{"line":9,"column":9}},"9":{"start":{"line":10,"column":0},"end":{"line":10,"column":5}},"10":{"start":{"line":11,"column":0},"end":{"line":11,"column":18}},"11":{"start":{"line":12,"column":0},"end":{"line":12,"column":1}},"12":{"start":{"line":13,"column":0},"end":{"line":13,"column":95}},"13":{"start":{"line":14,"column":0},"end":{"line":14,"column":33}}},"s":{"0":6,"1":6,"2":6,"3":6,"4":6,"5":201,"6":6,"7":6,"8":6,"9":6,"10":6,"11":6,"12":1,"13":1},"branchMap":{},"b":{},"fnMap":{"0":{"name":"subarrayDivision","decl":{"start":{"line":1,"column":0},"end":{"line":12,"column":1}},"loc":{"start":{"line":1,"column":0},"end":{"line":12,"column":1}},"line":1}},"f":{"0":6}}
}
